<?xml version="1.0" encoding="UTF-8"?>
<!-- Generated by org.testng.reporters.JUnitReportReporter -->
<testsuite hostname="M290012VYJHC8" name="com.zoopa.TestCases.SearchPageTest" tests="2" failures="0" timestamp="7 Apr 2019 12:17:24 GMT" time="2.826" errors="0">
  <testcase name="click_On_5th_Property_AND_Verify" time="2.486" classname="com.zoopa.TestCases.SearchPageTest"/>
  <testcase name="printPriceListDescendingOrderTest" time="0.340" classname="com.zoopa.TestCases.SearchPageTest"/>
</testsuite> <!-- com.zoopa.TestCases.SearchPageTest -->
