<?xml version="1.0" encoding="UTF-8"?>
<!-- Generated by org.testng.reporters.JUnitReportReporter -->
<testsuite hostname="M290012VYJHC8" name="com.zoopa.TestCases.AgentDetailsPageTest" tests="1" failures="0" timestamp="7 Apr 2019 12:42:42 GMT" time="0.030" errors="0">
  <testcase name="ValidateAgentName" time="0.030" classname="com.zoopa.TestCases.AgentDetailsPageTest"/>
</testsuite> <!-- com.zoopa.TestCases.AgentDetailsPageTest -->
