<?xml version="1.0" encoding="UTF-8"?>
<!-- Generated by org.testng.reporters.JUnitReportReporter -->
<testsuite hostname="M290012VYJHC8" name="com.zoopla.BaseClass.BaseClass" tests="1" failures="0" timestamp="6 Apr 2019 12:45:42 GMT" time="12.010" errors="0">
  <testcase name="Setup" time="12.010" classname="com.zoopla.BaseClass.BaseClass"/>
</testsuite> <!-- com.zoopla.BaseClass.BaseClass -->
