<?xml version="1.0" encoding="UTF-8"?>
<!-- Generated by org.testng.reporters.JUnitReportReporter -->
<testsuite hostname="M290012VYJHC8" name="com.zoopa.TestCases.HomePageTests" tests="2" failures="0" timestamp="7 Apr 2019 12:42:42 GMT" time="6.752" errors="0">
  <testcase name="ValidateHomePagetitle" time="0.017" classname="com.zoopa.TestCases.HomePageTests"/>
  <testcase name="EnterSearchTest" time="6.735" classname="com.zoopa.TestCases.HomePageTests"/>
</testsuite> <!-- com.zoopa.TestCases.HomePageTests -->
