<?xml version="1.0" encoding="UTF-8"?>
<!-- Generated by org.testng.reporters.JUnitReportReporter -->
<testsuite hostname="M290012VYJHC8" name="com.zoopa.TestCases.PropertyPageTest" tests="4" failures="0" timestamp="7 Apr 2019 12:42:42 GMT" time="0.192" errors="0">
  <testcase name="validateLogoTest" time="0.018" classname="com.zoopa.TestCases.PropertyPageTest"/>
  <testcase name="ValidateAgentDetails" time="0.130" classname="com.zoopa.TestCases.PropertyPageTest"/>
  <testcase name="validateAgentPhNo" time="0.022" classname="com.zoopa.TestCases.PropertyPageTest"/>
  <testcase name="validateAgentNameTest" time="0.022" classname="com.zoopa.TestCases.PropertyPageTest"/>
</testsuite> <!-- com.zoopa.TestCases.PropertyPageTest -->
